<?xml version="1.0" encoding="UTF-8"?>
<!-- Generated by org.testng.reporters.JUnitReportReporter -->
<testsuite skipped="0" hostname="DESKTOP-09AO3Q3" name="Sellics.SellicsAgencyEditionUITest" tests="1" failures="0" timestamp="11 Jul 2019 17:26:07 GMT" time="22.160" errors="0">
  <testcase name="VerifyCartAddition" time="22.160" classname="Sellics.SellicsAgencyEditionUITest"/>
</testsuite> <!-- Sellics.SellicsAgencyEditionUITest -->
