<?xml version="1.0" encoding="UTF-8"?>
<!-- Generated by org.testng.reporters.JUnitReportReporter -->
<testsuite skipped="0" hostname="DESKTOP-09AO3Q3" name="ShopApothekeTestcases.ShopApothekeUITest" tests="1" failures="0" timestamp="04 Jul 2019 15:38:05 GMT" time="47.550" errors="0">
  <testcase name="VerifyCartAddition" time="47.550" classname="ShopApothekeTestcases.ShopApothekeUITest"/>
</testsuite> <!-- ShopApothekeTestcases.ShopApothekeUITest -->
