<?xml version="1.0" encoding="UTF-8"?>
<!-- Generated by org.testng.reporters.JUnitReportReporter -->
<testsuite skipped="0" hostname="DESKTOP-09AO3Q3" name="studydrive.ShopApothekeUITest" tests="1" failures="0" timestamp="04 Jul 2019 13:43:42 GMT" time="42.162" errors="0">
  <testcase name="VerifyCartAddition" time="42.162" classname="studydrive.ShopApothekeUITest"/>
</testsuite> <!-- studydrive.ShopApothekeUITest -->
